TN:
SF:src/api.ts
FN:76,formatDate
FN:83,fetchTimingsByCity
FN:104,fetchTimingsByCoords
FN:127,fetchNextPrayer
FN:149,fetchCalendarByCity
FN:171,fetchMethods
FN:184,fetchQibla
FNF:7
FNH:7
FNDA:11,formatDate
FNDA:4,fetchTimingsByCity
FNDA:4,fetchTimingsByCoords
FNDA:3,fetchNextPrayer
FNDA:4,fetchCalendarByCity
FNDA:2,fetchMethods
FNDA:2,fetchQibla
DA:1,1
DA:76,1
DA:77,11
DA:78,11
DA:79,11
DA:80,11
DA:81,11
DA:83,1
DA:89,4
DA:90,4
DA:91,4
DA:92,4
DA:93,4
DA:94,4
DA:95,4
DA:96,4
DA:98,4
DA:99,4
DA:100,4
DA:101,3
DA:102,3
DA:104,1
DA:111,4
DA:112,4
DA:113,4
DA:114,4
DA:115,4
DA:116,4
DA:117,4
DA:118,4
DA:119,4
DA:121,4
DA:122,4
DA:123,4
DA:124,3
DA:125,3
DA:127,1
DA:133,3
DA:134,3
DA:135,3
DA:136,3
DA:137,3
DA:138,3
DA:139,3
DA:140,3
DA:141,3
DA:143,3
DA:144,3
DA:145,3
DA:146,2
DA:147,2
DA:149,1
DA:156,4
DA:157,4
DA:158,4
DA:159,4
DA:160,4
DA:161,4
DA:162,4
DA:164,4
DA:165,4
DA:166,4
DA:167,4
DA:168,3
DA:169,3
DA:171,1
DA:172,2
DA:173,2
DA:174,2
DA:175,1
DA:176,1
DA:184,1
DA:185,2
DA:186,2
DA:187,2
DA:188,1
DA:189,1
LF:77
LH:77
BRDA:76,0,0,11
BRDA:83,1,0,4
BRDA:90,2,0,3
BRDA:95,3,0,1
BRDA:96,4,0,1
BRDA:100,5,0,1
BRDA:100,6,0,3
BRDA:104,7,0,4
BRDA:117,8,0,1
BRDA:118,9,0,1
BRDA:119,10,0,1
BRDA:123,11,0,1
BRDA:123,12,0,3
BRDA:127,13,0,3
BRDA:139,14,0,1
BRDA:140,15,0,1
BRDA:141,16,0,1
BRDA:145,17,0,1
BRDA:145,18,0,2
BRDA:149,19,0,4
BRDA:161,20,0,1
BRDA:162,21,0,1
BRDA:164,22,0,2
BRDA:164,23,0,2
BRDA:167,24,0,1
BRDA:167,25,0,3
BRDA:171,26,0,2
BRDA:174,27,0,1
BRDA:184,28,0,2
BRDA:187,29,0,1
BRF:30
BRH:30
end_of_record
TN:
SF:src/config.ts
FN:23,getLocation
FN:32,hasLocation
FN:37,setLocation
FN:44,setMethod
FN:48,setSchool
FN:52,setTimezone
FN:56,setFormat24h
FN:60,getAllConfig
FN:64,clearConfig
FNF:9
FNH:9
FNDA:9,getLocation
FNDA:6,hasLocation
FNDA:7,setLocation
FNDA:28,setMethod
FNDA:4,setSchool
FNDA:5,setTimezone
FNDA:6,setFormat24h
FNDA:4,getAllConfig
FNDA:31,clearConfig
DA:1,1
DA:14,1
DA:15,1
DA:16,1
DA:17,1
DA:18,1
DA:19,1
DA:20,1
DA:21,1
DA:23,1
DA:24,9
DA:25,9
DA:26,9
DA:27,9
DA:28,9
DA:29,9
DA:30,9
DA:32,1
DA:33,6
DA:34,6
DA:35,6
DA:37,1
DA:38,7
DA:39,7
DA:40,7
DA:41,7
DA:42,7
DA:44,1
DA:45,28
DA:46,28
DA:48,1
DA:49,4
DA:50,4
DA:52,1
DA:53,5
DA:54,5
DA:56,1
DA:57,6
DA:58,6
DA:60,1
DA:61,4
DA:62,4
DA:64,1
DA:65,31
DA:66,31
LF:45
LH:45
BRDA:23,0,0,9
BRDA:32,1,0,6
BRDA:34,2,0,3
BRDA:34,3,0,4
BRDA:34,4,0,2
BRDA:37,5,0,7
BRDA:38,6,0,5
BRDA:39,7,0,4
BRDA:40,8,0,2
BRDA:41,9,0,2
BRDA:44,10,0,28
BRDA:48,11,0,4
BRDA:52,12,0,5
BRDA:56,13,0,6
BRDA:60,14,0,4
BRDA:64,15,0,31
BRF:16
BRH:16
end_of_record
TN:
SF:src/geo.ts
FN:35,tryIpApi
FN:53,tryIpapiCo
FN:71,tryIpWhois
FN:88,guessLocation
FNF:4
FNH:4
FNDA:19,tryIpApi
FNDA:15,tryIpapiCo
FNDA:8,tryIpWhois
FNDA:19,guessLocation
DA:35,1
DA:36,19
DA:37,19
DA:38,17
DA:39,19
DA:40,4
DA:41,4
DA:42,4
DA:43,4
DA:44,4
DA:45,4
DA:46,4
DA:47,4
DA:48,19
DA:49,15
DA:50,15
DA:53,1
DA:54,15
DA:55,15
DA:56,13
DA:57,15
DA:58,7
DA:59,7
DA:60,7
DA:61,7
DA:62,7
DA:63,7
DA:64,7
DA:65,7
DA:66,15
DA:67,8
DA:68,8
DA:71,1
DA:72,8
DA:73,8
DA:74,6
DA:75,8
DA:76,4
DA:77,4
DA:78,4
DA:79,4
DA:80,4
DA:81,4
DA:82,4
DA:83,4
DA:84,8
DA:85,4
DA:86,4
DA:88,1
DA:90,19
DA:91,19
LF:51
LH:51
BRDA:35,0,0,19
BRDA:37,1,0,17
BRDA:38,2,0,16
BRDA:39,3,0,7
BRDA:39,4,0,6
BRDA:39,5,0,5
BRDA:39,6,0,4
BRDA:45,7,0,1
BRDA:48,8,0,3
BRDA:48,9,0,15
BRDA:53,10,0,15
BRDA:55,11,0,13
BRDA:57,12,0,8
BRDA:57,13,0,7
BRDA:57,14,0,7
BRDA:57,15,0,7
BRDA:63,16,0,0
BRDA:66,17,0,2
BRDA:66,18,0,8
BRDA:71,19,0,8
BRDA:73,20,0,6
BRDA:75,21,0,4
BRDA:75,22,0,4
BRDA:75,23,0,4
BRDA:75,24,0,4
BRDA:75,25,0,4
BRDA:81,26,0,1
BRDA:84,27,0,2
BRDA:84,28,0,4
BRDA:88,29,0,19
BRDA:90,30,0,15
BRDA:90,31,0,8
BRF:32
BRH:31
end_of_record
TN:
SF:src/index.ts
FN:1,(empty-report)
FNF:1
FNH:0
FNDA:0,(empty-report)
DA:1,0
DA:2,0
DA:3,0
LF:3
LH:0
BRDA:1,0,0,0
BRF:1
BRH:0
end_of_record
TN:
SF:src/methods.ts
FN:106,getRecommendedMethod
FN:144,getRecommendedSchool
FN:158,getMethodName
FNF:3
FNH:3
FNDA:51,getRecommendedMethod
FNDA:23,getRecommendedSchool
FNDA:27,getMethodName
DA:2,1
DA:4,1
DA:5,1
DA:6,1
DA:7,1
DA:8,1
DA:11,1
DA:12,1
DA:13,1
DA:14,1
DA:17,1
DA:18,1
DA:19,1
DA:20,1
DA:21,1
DA:22,1
DA:23,1
DA:24,1
DA:25,1
DA:26,1
DA:27,1
DA:28,1
DA:29,1
DA:30,1
DA:31,1
DA:32,1
DA:33,1
DA:34,1
DA:35,1
DA:36,1
DA:37,1
DA:40,1
DA:41,1
DA:42,1
DA:43,1
DA:46,1
DA:47,1
DA:48,1
DA:49,1
DA:50,1
DA:51,1
DA:52,1
DA:53,1
DA:56,1
DA:62,1
DA:65,1
DA:68,1
DA:71,1
DA:74,1
DA:75,1
DA:78,1
DA:81,1
DA:82,1
DA:85,1
DA:86,1
DA:89,1
DA:92,1
DA:95,1
DA:98,1
DA:101,1
DA:104,1
DA:106,1
DA:108,51
DA:109,44
DA:110,44
DA:113,7
DA:114,51
DA:115,139
DA:116,5
DA:117,5
DA:118,139
DA:121,2
DA:122,2
DA:125,1
DA:126,1
DA:127,1
DA:128,1
DA:129,1
DA:130,1
DA:131,1
DA:132,1
DA:133,1
DA:134,1
DA:135,1
DA:136,1
DA:137,1
DA:138,1
DA:139,1
DA:140,1
DA:141,1
DA:142,1
DA:144,1
DA:146,23
DA:147,15
DA:148,15
DA:150,23
DA:151,89
DA:152,3
DA:153,3
DA:154,89
DA:155,5
DA:156,5
DA:158,1
DA:159,27
DA:160,27
DA:161,27
DA:162,27
DA:163,27
DA:164,27
DA:165,27
DA:166,27
DA:167,27
DA:168,27
DA:169,27
DA:170,27
DA:171,27
DA:172,27
DA:173,27
DA:174,27
DA:175,27
DA:176,27
DA:177,27
DA:178,27
DA:179,27
DA:180,27
DA:181,27
DA:182,27
DA:183,27
DA:184,27
DA:185,27
LF:130
LH:130
BRDA:106,0,0,51
BRDA:108,1,0,44
BRDA:110,2,0,7
BRDA:114,3,0,139
BRDA:115,4,0,5
BRDA:118,5,0,2
BRDA:144,6,0,23
BRDA:146,7,0,15
BRDA:148,8,0,8
BRDA:150,9,0,89
BRDA:151,10,0,3
BRDA:154,11,0,5
BRDA:158,12,0,27
BRDA:184,13,0,4
BRF:14
BRH:14
end_of_record
TN:
SF:src/utils.ts
FN:16,formatTime
FN:27,getPrayerEmoji
FN:39,getCurrentAndNextPrayer
FN:71,getNextPrayer
FN:76,timeUntil
FN:99,renderTimings
FN:141,renderDateInfoPlain
FN:147,renderLocationInfoPlain
FN:152,renderDateInfo
FN:158,renderLocationInfo
FNF:10
FNH:10
FNDA:164,formatTime
FNDA:69,getPrayerEmoji
FNDA:27,getCurrentAndNextPrayer
FNDA:8,getNextPrayer
FNDA:27,timeUntil
FNDA:11,renderTimings
FNDA:2,renderDateInfoPlain
FNDA:2,renderLocationInfoPlain
FNDA:8,renderDateInfo
FNDA:8,renderLocationInfo
DA:1,1
DA:5,1
DA:8,1
DA:9,1
DA:12,1
DA:16,1
DA:18,164
DA:19,164
DA:21,146
DA:22,164
DA:23,164
DA:24,164
DA:25,164
DA:27,1
DA:28,69
DA:29,69
DA:30,69
DA:31,69
DA:32,69
DA:33,69
DA:34,69
DA:35,69
DA:36,69
DA:37,69
DA:39,1
DA:40,27
DA:41,27
DA:42,27
DA:43,27
DA:45,27
DA:46,27
DA:47,27
DA:49,27
DA:50,85
DA:51,85
DA:52,85
DA:54,85
DA:55,59
DA:56,85
DA:57,26
DA:58,26
DA:59,26
DA:60,26
DA:61,85
DA:63,27
DA:64,1
DA:65,1
DA:66,1
DA:68,27
DA:69,27
DA:71,1
DA:72,8
DA:73,8
DA:74,8
DA:76,1
DA:77,27
DA:78,27
DA:79,27
DA:80,27
DA:82,27
DA:83,2
DA:84,2
DA:86,27
DA:87,27
DA:88,27
DA:90,27
DA:91,25
DA:92,25
DA:99,1
DA:100,11
DA:102,11
DA:103,11
DA:105,11
DA:106,11
DA:107,11
DA:108,11
DA:109,11
DA:110,11
DA:111,11
DA:112,11
DA:113,11
DA:114,11
DA:116,11
DA:117,66
DA:119,66
DA:120,12
DA:121,12
DA:122,10
DA:123,12
DA:124,66
DA:125,54
DA:126,54
DA:127,54
DA:128,9
DA:129,54
DA:130,9
DA:131,45
DA:132,36
DA:133,36
DA:134,54
DA:135,66
DA:137,11
DA:138,11
DA:139,11
DA:141,1
DA:142,2
DA:143,2
DA:144,2
DA:145,2
DA:147,1
DA:148,2
DA:149,2
DA:150,2
DA:152,1
DA:153,8
DA:154,8
DA:155,8
DA:156,8
DA:158,1
DA:159,8
DA:160,8
DA:161,8
LF:122
LH:122
BRDA:16,0,0,164
BRDA:19,1,0,18
BRDA:19,2,0,163
BRDA:19,3,0,146
BRDA:22,4,0,98
BRDA:22,5,0,48
BRDA:23,6,0,32
BRDA:27,7,0,69
BRDA:36,8,0,2
BRDA:39,9,0,27
BRDA:49,10,0,85
BRDA:54,11,0,59
BRDA:56,12,0,26
BRDA:63,13,0,1
BRDA:71,14,0,8
BRDA:76,15,0,27
BRDA:82,16,0,2
BRDA:90,17,0,2
BRDA:90,18,0,25
BRDA:99,19,0,11
BRDA:113,20,0,2
BRDA:113,21,0,9
BRDA:116,22,0,66
BRDA:119,23,0,12
BRDA:121,24,0,2
BRDA:121,25,0,10
BRDA:122,26,0,2
BRDA:124,27,0,54
BRDA:127,28,0,9
BRDA:129,29,0,45
BRDA:129,30,0,9
BRDA:131,31,0,36
BRDA:141,32,0,2
BRDA:147,33,0,2
BRDA:152,34,0,8
BRDA:158,35,0,8
BRF:36
BRH:36
end_of_record
TN:
SF:src/commands/config.ts
FN:30,interactiveConfig
FN:90,validate
FN:105,validate
FN:219,configCommand
FNF:4
FNH:2
FNDA:3,interactiveConfig
FNDA:0,validate
FNDA:0,validate
FNDA:23,configCommand
DA:1,1
DA:30,1
DA:31,3
DA:33,3
DA:36,3
DA:37,3
DA:38,1
DA:39,1
DA:40,1
DA:41,1
DA:42,1
DA:44,3
DA:45,3
DA:46,3
DA:47,3
DA:48,3
DA:49,3
DA:50,3
DA:52,3
DA:53,1
DA:54,1
DA:55,1
DA:57,2
DA:58,2
DA:59,2
DA:60,2
DA:61,2
DA:62,2
DA:63,2
DA:64,2
DA:66,2
DA:67,0
DA:68,0
DA:69,0
DA:71,2
DA:72,2
DA:73,2
DA:74,2
DA:75,2
DA:76,2
DA:77,2
DA:79,2
DA:80,0
DA:81,0
DA:82,0
DA:84,2
DA:85,3
DA:86,0
DA:87,0
DA:88,0
DA:89,0
DA:90,0
DA:91,0
DA:92,0
DA:93,0
DA:94,0
DA:96,0
DA:97,0
DA:98,0
DA:99,0
DA:101,0
DA:102,0
DA:103,0
DA:104,0
DA:105,0
DA:106,0
DA:107,0
DA:108,0
DA:109,0
DA:111,0
DA:112,0
DA:113,0
DA:114,0
DA:116,0
DA:117,0
DA:118,0
DA:119,0
DA:120,0
DA:122,2
DA:123,2
DA:124,3
DA:125,3
DA:126,3
DA:127,3
DA:128,3
DA:129,3
DA:130,3
DA:131,3
DA:132,3
DA:133,3
DA:134,3
DA:135,3
DA:136,3
DA:137,3
DA:138,3
DA:139,3
DA:140,3
DA:141,3
DA:142,3
DA:143,3
DA:144,3
DA:145,3
DA:146,3
DA:147,3
DA:148,3
DA:149,3
DA:150,3
DA:152,3
DA:153,0
DA:154,0
DA:155,0
DA:157,2
DA:159,2
DA:160,2
DA:161,3
DA:162,3
DA:163,3
DA:164,3
DA:165,3
DA:166,3
DA:168,3
DA:169,0
DA:170,0
DA:171,0
DA:173,2
DA:175,2
DA:176,2
DA:177,3
DA:178,3
DA:179,3
DA:180,3
DA:181,3
DA:182,3
DA:184,3
DA:185,0
DA:186,0
DA:187,0
DA:189,2
DA:191,2
DA:192,2
DA:193,2
DA:194,2
DA:196,3
DA:197,0
DA:198,0
DA:199,0
DA:201,3
DA:202,0
DA:203,0
DA:204,0
DA:205,0
DA:206,0
DA:208,0
DA:209,0
DA:210,0
DA:211,0
DA:213,0
DA:214,0
DA:216,2
DA:217,2
DA:219,1
DA:221,23
DA:222,1
DA:223,1
DA:224,1
DA:225,1
DA:226,1
DA:228,23
DA:229,2
DA:230,2
DA:231,2
DA:232,2
DA:233,2
DA:234,2
DA:236,23
DA:237,6
DA:238,6
DA:239,6
DA:240,6
DA:241,6
DA:242,6
DA:243,6
DA:244,6
DA:245,6
DA:246,6
DA:247,6
DA:248,6
DA:249,6
DA:250,6
DA:251,6
DA:254,23
DA:255,23
DA:256,23
DA:259,23
DA:260,3
DA:261,2
DA:262,2
DA:265,11
DA:267,23
DA:268,4
DA:269,4
DA:270,4
DA:271,4
DA:272,4
DA:273,4
DA:274,4
DA:276,23
DA:277,2
DA:278,2
DA:280,23
DA:281,2
DA:282,2
DA:284,23
DA:285,1
DA:286,1
DA:288,23
DA:289,2
DA:290,2
DA:292,11
DA:293,11
DA:294,11
LF:221
LH:161
BRDA:30,0,0,3
BRDA:37,1,0,1
BRDA:37,2,0,1
BRDA:41,3,0,0
BRDA:52,4,0,1
BRDA:55,5,0,2
BRDA:58,6,0,1
BRDA:66,7,0,0
BRDA:71,8,0,1
BRDA:79,9,0,0
BRDA:85,10,0,0
BRDA:120,11,0,2
BRDA:124,12,0,0
BRDA:150,13,0,2
BRDA:152,14,0,0
BRDA:155,15,0,2
BRDA:161,16,0,0
BRDA:166,17,0,2
BRDA:168,18,0,0
BRDA:171,19,0,2
BRDA:177,20,0,0
BRDA:177,21,0,2
BRDA:182,22,0,2
BRDA:184,23,0,0
BRDA:187,24,0,2
BRDA:196,25,0,0
BRDA:199,26,0,2
BRDA:201,27,0,0
BRDA:214,28,0,2
BRDA:219,29,0,23
BRDA:221,30,0,1
BRDA:226,31,0,22
BRDA:228,32,0,2
BRDA:234,33,0,20
BRDA:236,34,0,6
BRDA:241,35,0,4
BRDA:242,36,0,4
BRDA:243,37,0,0
BRDA:244,38,0,0
BRDA:245,39,0,0
BRDA:246,40,0,4
BRDA:246,41,0,2
BRDA:247,42,0,4
BRDA:248,43,0,1
BRDA:248,44,0,5
BRDA:251,45,0,14
BRDA:254,46,0,11
BRDA:254,47,0,11
BRDA:254,48,0,10
BRDA:254,49,0,10
BRDA:255,50,0,8
BRDA:255,51,0,6
BRDA:256,52,0,5
BRDA:259,53,0,3
BRDA:260,54,0,2
BRDA:262,55,0,11
BRDA:267,56,0,8
BRDA:267,57,0,8
BRDA:267,58,0,7
BRDA:267,59,0,4
BRDA:271,60,0,2
BRDA:271,61,0,2
BRDA:272,62,0,2
BRDA:272,63,0,2
BRDA:274,64,0,11
BRDA:276,65,0,2
BRDA:278,66,0,11
BRDA:280,67,0,2
BRDA:282,68,0,11
BRDA:284,69,0,1
BRDA:286,70,0,11
BRDA:288,71,0,2
BRDA:290,72,0,11
BRF:73
BRH:58
end_of_record
TN:
SF:src/commands/index.ts
FN:1,(empty-report)
FNF:1
FNH:0
FNDA:0,(empty-report)
DA:1,0
LF:1
LH:0
BRDA:1,0,0,0
BRF:1
BRH:0
end_of_record
TN:
SF:src/commands/methods.ts
FN:6,methods
FNF:1
FNH:1
FNDA:14,methods
DA:1,1
DA:6,1
DA:7,14
DA:9,14
DA:10,14
DA:12,12
DA:13,12
DA:14,12
DA:15,12
DA:17,12
DA:18,12
DA:19,12
DA:21,14
DA:22,56
DA:23,56
DA:24,56
DA:25,56
DA:26,55
DA:27,55
DA:28,56
DA:30,12
DA:31,12
DA:32,12
DA:33,14
DA:34,2
DA:35,2
DA:36,2
DA:37,14
LF:28
LH:28
BRDA:6,0,0,14
BRDA:10,1,0,12
BRDA:21,2,0,56
BRDA:22,3,0,55
BRDA:23,4,0,55
BRDA:25,5,0,55
BRDA:25,6,0,55
BRDA:26,7,0,44
BRDA:26,8,0,11
BRDA:28,9,0,12
BRDA:33,10,0,2
BRDA:34,11,0,1
BRDA:34,12,0,1
BRDA:18,13,0,68
BRDA:18,14,0,67
BRDA:19,15,0,44
BRF:16
BRH:16
end_of_record
TN:
SF:src/commands/month.ts
FN:12,month
FNF:1
FNH:1
FNDA:14,month
DA:1,1
DA:12,1
DA:13,14
DA:14,1
DA:15,1
DA:16,1
DA:17,1
DA:18,1
DA:20,13
DA:21,14
DA:22,1
DA:23,1
DA:24,1
DA:25,1
DA:26,1
DA:28,12
DA:30,12
DA:31,12
DA:32,14
DA:33,14
DA:34,14
DA:35,14
DA:36,14
DA:38,14
DA:39,14
DA:40,14
DA:41,14
DA:42,14
DA:43,14
DA:44,14
DA:45,14
DA:47,10
DA:48,10
DA:50,10
DA:52,10
DA:53,10
DA:55,10
DA:56,10
DA:57,10
DA:59,14
DA:60,12
DA:61,12
DA:62,12
DA:63,12
DA:65,10
DA:66,14
DA:67,2
DA:68,2
DA:69,2
DA:70,14
LF:50
LH:50
BRDA:12,0,0,14
BRDA:13,1,0,1
BRDA:18,2,0,13
BRDA:21,3,0,12
BRDA:21,4,0,1
BRDA:26,5,0,12
BRDA:32,6,0,2
BRDA:32,7,0,10
BRDA:33,8,0,2
BRDA:33,9,0,10
BRDA:36,10,0,0
BRDA:45,11,0,10
BRDA:59,12,0,12
BRDA:63,13,0,10
BRDA:66,14,0,2
BRDA:67,15,0,1
BRDA:67,16,0,1
BRDA:55,17,0,60
BRDA:61,18,0,72
BRF:19
BRH:18
end_of_record
TN:
SF:src/commands/next.ts
FN:7,next
FNF:1
FNH:1
FNDA:12,next
DA:1,1
DA:7,1
DA:8,12
DA:9,2
DA:10,2
DA:11,2
DA:12,2
DA:13,2
DA:15,10
DA:17,10
DA:18,10
DA:19,10
DA:20,10
DA:21,12
DA:22,12
DA:24,12
DA:26,12
DA:27,2
DA:28,2
DA:29,2
DA:30,2
DA:31,2
DA:32,2
DA:33,2
DA:34,12
DA:35,7
DA:36,7
DA:37,7
DA:38,7
DA:39,7
DA:40,7
DA:41,8
DA:42,1
DA:43,1
DA:44,1
DA:46,7
DA:47,7
DA:49,7
DA:50,7
DA:51,7
DA:52,7
DA:53,7
DA:55,7
DA:56,7
DA:57,7
DA:58,7
DA:59,7
DA:60,7
DA:61,12
DA:62,3
DA:63,3
DA:64,3
DA:65,12
LF:53
LH:53
BRDA:7,0,0,12
BRDA:8,1,0,2
BRDA:13,2,0,10
BRDA:21,3,0,2
BRDA:26,4,0,2
BRDA:26,5,0,2
BRDA:34,6,0,8
BRDA:34,7,0,7
BRDA:34,8,0,7
BRDA:40,9,0,5
BRDA:41,10,0,1
BRDA:44,11,0,7
BRDA:61,12,0,3
BRDA:62,13,0,2
BRDA:62,14,0,1
BRF:15
BRH:15
end_of_record
TN:
SF:src/commands/qibla.ts
FN:8,getCompassDirection
FN:14,getCompassEmoji
FN:29,qibla
FNF:3
FNH:3
FNDA:17,getCompassDirection
FNDA:7,getCompassEmoji
FNDA:21,qibla
DA:1,1
DA:8,1
DA:9,17
DA:10,17
DA:11,17
DA:12,17
DA:14,1
DA:15,7
DA:16,7
DA:17,7
DA:18,7
DA:19,7
DA:20,7
DA:21,7
DA:22,0
DA:23,0
DA:29,1
DA:30,21
DA:31,21
DA:32,21
DA:35,21
DA:36,3
DA:37,2
DA:38,2
DA:39,2
DA:40,1
DA:41,1
DA:42,1
DA:43,1
DA:44,1
DA:45,1
DA:46,1
DA:47,3
DA:48,1
DA:49,1
DA:50,1
DA:51,3
DA:53,21
DA:55,21
DA:56,21
DA:57,21
DA:59,21
DA:60,10
DA:61,10
DA:62,10
DA:63,10
DA:64,10
DA:65,10
DA:66,10
DA:67,10
DA:69,7
DA:70,7
DA:71,7
DA:72,7
DA:73,7
DA:74,7
DA:75,7
DA:76,7
DA:77,7
DA:78,21
DA:79,2
DA:80,2
DA:81,2
DA:82,21
LF:64
LH:62
BRDA:8,0,0,17
BRDA:14,1,0,7
BRDA:15,2,0,0
BRDA:16,3,0,0
BRDA:17,4,0,0
BRDA:18,5,0,0
BRDA:19,6,0,0
BRDA:20,7,0,0
BRDA:21,8,0,0
BRDA:29,9,0,21
BRDA:35,10,0,18
BRDA:35,11,0,3
BRDA:36,12,0,2
BRDA:39,13,0,1
BRDA:47,14,0,1
BRDA:51,15,0,19
BRDA:53,16,0,10
BRDA:53,17,0,9
BRDA:56,18,0,17
BRDA:57,19,0,7
BRDA:59,20,0,10
BRDA:67,21,0,7
BRDA:78,22,0,2
BRDA:79,23,0,1
BRDA:79,24,0,1
BRF:25
BRH:18
end_of_record
TN:
SF:src/commands/reset.ts
FN:6,reset
FNF:1
FNH:1
FNDA:9,reset
DA:1,1
DA:6,1
DA:7,9
DA:9,9
DA:10,9
DA:11,9
DA:12,9
DA:14,9
DA:15,6
DA:16,6
DA:17,6
DA:18,6
DA:20,3
DA:21,3
DA:22,3
DA:23,3
DA:24,3
LF:17
LH:17
BRDA:6,0,0,9
BRDA:14,1,0,7
BRDA:14,2,0,6
BRDA:18,3,0,3
BRF:4
BRH:4
end_of_record
TN:
SF:src/commands/today.ts
FN:18,outputJson
FN:39,outputStatus
FN:46,today
FNF:3
FNH:3
FNDA:1,outputJson
FNDA:2,outputStatus
FNDA:16,today
DA:1,1
DA:18,1
DA:19,1
DA:20,1
DA:21,1
DA:22,1
DA:23,1
DA:24,1
DA:25,1
DA:26,1
DA:27,1
DA:28,1
DA:29,1
DA:30,1
DA:31,1
DA:32,1
DA:33,1
DA:34,1
DA:35,1
DA:36,1
DA:37,1
DA:39,1
DA:40,2
DA:41,2
DA:42,2
DA:43,2
DA:44,2
DA:46,1
DA:48,16
DA:49,2
DA:50,2
DA:51,2
DA:53,16
DA:54,2
DA:55,2
DA:56,2
DA:57,1
DA:58,1
DA:59,1
DA:60,1
DA:62,16
DA:63,3
DA:64,10
DA:66,16
DA:67,16
DA:68,16
DA:69,16
DA:70,16
DA:71,16
DA:73,16
DA:75,16
DA:76,1
DA:77,1
DA:78,1
DA:79,1
DA:80,1
DA:81,1
DA:82,1
DA:83,16
DA:84,1
DA:85,1
DA:86,1
DA:87,1
DA:88,1
DA:89,1
DA:90,12
DA:91,2
DA:92,2
DA:93,2
DA:94,2
DA:95,2
DA:96,2
DA:97,2
DA:98,11
DA:99,9
DA:100,9
DA:101,9
DA:102,9
DA:103,9
DA:104,9
DA:105,9
DA:106,0
DA:107,0
DA:108,0
DA:110,16
DA:112,16
DA:113,16
DA:116,16
DA:117,1
DA:118,1
DA:119,1
DA:122,16
DA:123,2
DA:124,2
DA:125,2
DA:128,16
DA:130,16
DA:131,1
DA:132,1
DA:133,16
DA:134,7
DA:135,7
DA:136,7
DA:137,8
DA:138,16
DA:139,2
DA:140,2
DA:141,2
DA:142,16
LF:109
LH:106
BRDA:18,0,0,1
BRDA:29,1,0,0
BRDA:27,2,0,6
BRDA:39,3,0,2
BRDA:46,4,0,16
BRDA:48,5,0,14
BRDA:48,6,0,5
BRDA:48,7,0,2
BRDA:48,8,0,2
BRDA:48,9,0,2
BRDA:51,10,0,14
BRDA:53,11,0,2
BRDA:53,12,0,2
BRDA:53,13,0,2
BRDA:56,14,0,1
BRDA:60,15,0,13
BRDA:62,16,0,12
BRDA:62,17,0,3
BRDA:63,18,0,10
BRDA:70,19,0,2
BRDA:75,20,0,1
BRDA:75,21,0,1
BRDA:83,22,0,12
BRDA:83,23,0,1
BRDA:83,24,0,1
BRDA:90,25,0,11
BRDA:90,26,0,2
BRDA:90,27,0,2
BRDA:98,28,0,9
BRDA:104,29,0,7
BRDA:105,30,0,0
BRDA:108,31,0,11
BRDA:110,32,0,0
BRDA:112,33,0,10
BRDA:112,34,0,3
BRDA:113,35,0,10
BRDA:113,36,0,3
BRDA:116,37,0,1
BRDA:119,38,0,10
BRDA:122,39,0,2
BRDA:125,40,0,8
BRDA:128,41,0,1
BRDA:128,42,0,7
BRDA:130,43,0,1
BRDA:133,44,0,7
BRDA:136,45,0,8
BRDA:138,46,0,2
BRDA:139,47,0,0
BRDA:139,48,0,0
BRDA:139,49,0,0
BRF:50
BRH:44
end_of_record
